<?xml version="1.0" encoding="UTF-8"?>
<!-- Generated by org.testng.reporters.JUnitReportReporter -->
<testsuite hostname="Ashims-MacBook-Air.local" failures="0" tests="2" name="testcasesFramework.HomePageTest" time="0.009" errors="0" timestamp="2024-11-03T10:36:05 IST" skipped="0">
  <testcase classname="testcasesFramework.HomePageTest" name="verifyTitle" time="0.009"/>
  <system-out/>
  <testcase classname="testcasesFramework.HomePageTest" name="verifyLogo" time="0.000"/>
  <system-out/>
</testsuite> <!-- testcasesFramework.HomePageTest -->
